Build started 6/24/2015 9:54:24 AM.
     1>Project "C:\Val\Versions\project.51\Parser\Parser.vcxproj" on node 6 (Rebuild target(s)).
     1>ClCompile:
         C:\Program Files (x86)\Microsoft Visual Studio 11.0\VC\bin\CL.exe /c /ZI /nologo /W3 /WX- /Od /Oy- /D WIN32 /D _DEBUG /D _WINDOWS /D _USRDLL /D PARSER_EXPORTS /D _WINDLL /D _MBCS /Gm /EHsc /RTC1 /MDd /GS /fp:precise /Zc:wchar_t /Zc:forScope /Yc"stdafx.h" /Fp"Debug\Parser.pch" /Fo"Debug\\" /Fd"Debug\vc110.pdb" /Gd /TP /analyze- /errorReport:prompt stdafx.cpp
         stdafx.cpp
         C:\Program Files (x86)\Microsoft Visual Studio 11.0\VC\bin\CL.exe /c /ZI /nologo /W3 /WX- /Od /Oy- /D WIN32 /D _DEBUG /D _WINDOWS /D _USRDLL /D PARSER_EXPORTS /D _WINDLL /D _MBCS /Gm /EHsc /RTC1 /MDd /GS /fp:precise /Zc:wchar_t /Zc:forScope /Fo"Debug\\" /Fd"Debug\vc110.pdb" /Gd /TP /analyze- /errorReport:prompt dllmain.cpp
         dllmain.cpp
         C:\Program Files (x86)\Microsoft Visual Studio 11.0\VC\bin\CL.exe /c /ZI /nologo /W3 /WX- /Od /Oy- /D WIN32 /D _DEBUG /D _WINDOWS /D _USRDLL /D PARSER_EXPORTS /D _WINDLL /D _MBCS /Gm /EHsc /RTC1 /MDd /GS /fp:precise /Zc:wchar_t /Zc:forScope /Fo"Debug\\" /Fd"Debug\vc110.pdb" /Gd /TC /analyze- /errorReport:prompt SENNA_CHK.c SENNA_Hash.c SENNA_main.c SENNA_NER.c SENNA_nn.c SENNA_POS.c SENNA_PSG.c SENNA_PT0.c SENNA_Scores2Treillis.c SENNA_SRL.c SENNA_Tokenizer.c SENNA_Treillis.c SENNA_utils.c SENNA_VBS.c
         SENNA_VBS.c
         SENNA_utils.c
     1>c:\val\versions\project.51\parser\senna_utils.c(31): warning C4996: 'strcpy': This function or variable may be unsafe. Consider using strcpy_s instead. To disable deprecation, use _CRT_SECURE_NO_WARNINGS. See online help for details.
                 c:\program files (x86)\microsoft visual studio 11.0\vc\include\string.h(110) : see declaration of 'strcpy'
     1>c:\val\versions\project.51\parser\senna_utils.c(32): warning C4996: 'strcpy': This function or variable may be unsafe. Consider using strcpy_s instead. To disable deprecation, use _CRT_SECURE_NO_WARNINGS. See online help for details.
                 c:\program files (x86)\microsoft visual studio 11.0\vc\include\string.h(110) : see declaration of 'strcpy'
     1>c:\val\versions\project.51\parser\senna_utils.c(35): warning C4996: 'fopen': This function or variable may be unsafe. Consider using fopen_s instead. To disable deprecation, use _CRT_SECURE_NO_WARNINGS. See online help for details.
                 c:\program files (x86)\microsoft visual studio 11.0\vc\include\stdio.h(218) : see declaration of 'fopen'
         SENNA_Treillis.c
         SENNA_Tokenizer.c
         SENNA_SRL.c
         SENNA_Scores2Treillis.c
         SENNA_PT0.c
         SENNA_PSG.c
         SENNA_POS.c
         SENNA_nn.c
         SENNA_NER.c
         SENNA_main.c
         SENNA_Hash.c
     1>c:\val\versions\project.51\parser\senna_hash.c(29): warning C4996: 'strcpy': This function or variable may be unsafe. Consider using strcpy_s instead. To disable deprecation, use _CRT_SECURE_NO_WARNINGS. See online help for details.
                 c:\program files (x86)\microsoft visual studio 11.0\vc\include\string.h(110) : see declaration of 'strcpy'
         SENNA_CHK.c
         Generating Code...
     1>C:\Program Files (x86)\MSBuild\Microsoft.Cpp\v4.0\V110\Microsoft.CppBuild.targets(1137,5): warning MSB8012: TargetPath(C:\Val\Versions\project.51\Parser\Debug\Parser.dll) does not match the Linker's OutputFile property value (C:\Val\Versions\project.51\bin\Debug\Parser.dll). This may cause your project to build incorrectly. To correct this, please make sure that $(OutDir), $(TargetName) and $(TargetExt) property values match the value specified in %(Link.OutputFile).
       Link:
         C:\Program Files (x86)\Microsoft Visual Studio 11.0\VC\bin\link.exe /ERRORREPORT:PROMPT /OUT:"../bin/Debug/Parser.dll" /INCREMENTAL /NOLOGO kernel32.lib user32.lib gdi32.lib winspool.lib comdlg32.lib advapi32.lib shell32.lib ole32.lib oleaut32.lib uuid.lib odbc32.lib odbccp32.lib /MANIFEST /MANIFESTUAC:"level='asInvoker' uiAccess='false'" /manifest:embed /DEBUG /PDB:"../TextAnalysis/bin/Parser.pdb" /SUBSYSTEM:WINDOWS /TLBID:1 /DYNAMICBASE /NXCOMPAT /IMPLIB:"Debug\Parser.lib" /MACHINE:X86 /DLL Debug\dllmain.obj
         Debug\SENNA_CHK.obj
         Debug\SENNA_Hash.obj
         Debug\SENNA_main.obj
         Debug\SENNA_NER.obj
         Debug\SENNA_nn.obj
         Debug\SENNA_POS.obj
         Debug\SENNA_PSG.obj
         Debug\SENNA_PT0.obj
         Debug\SENNA_Scores2Treillis.obj
         Debug\SENNA_SRL.obj
         Debug\SENNA_Tokenizer.obj
         Debug\SENNA_Treillis.obj
         Debug\SENNA_utils.obj
         Debug\SENNA_VBS.obj
         Debug\stdafx.obj
            Creating library Debug\Parser.lib and object Debug\Parser.exp
         Parser.vcxproj -> C:\Val\Versions\project.51\Parser\Debug\Parser.dll
     1>Done Building Project "C:\Val\Versions\project.51\Parser\Parser.vcxproj" (Rebuild target(s)).

Build succeeded.

Time Elapsed 00:00:01.45
